<?xml version="1.0" encoding="UTF-8"?>
<testng-results ignored="0" total="7" passed="6" failed="1" skipped="0">
  <reporter-output>
  </reporter-output>
  <suite started-at="2021-02-10T12:25:49 MST" name="Default suite" finished-at="2021-02-10T12:25:58 MST" duration-ms="9011">
    <groups>
    </groups>
    <test started-at="2021-02-10T12:25:49 MST" name="Default test" finished-at="2021-02-10T12:25:58 MST" duration-ms="9011">
      <class name="APICALLS.Apitesting">
        <test-method signature="HTTPGet_fetchingdetailsofallpeople()[pri:1, instance:APICALLS.Apitesting@67a20f67]" started-at="2021-02-10T12:25:49 MST" name="HTTPGet_fetchingdetailsofallpeople" finished-at="2021-02-10T12:25:53 MST" duration-ms="3587" status="PASS">
          <reporter-output>
          </reporter-output>
        </test-method> <!-- HTTPGet_fetchingdetailsofallpeople -->
        <test-method signature="HTTPGet_fetchingdetailsofspecifiedcharcter()[pri:2, instance:APICALLS.Apitesting@67a20f67]" started-at="2021-02-10T12:25:53 MST" name="HTTPGet_fetchingdetailsofspecifiedcharcter" finished-at="2021-02-10T12:25:54 MST" duration-ms="1099" status="PASS">
          <reporter-output>
          </reporter-output>
        </test-method> <!-- HTTPGet_fetchingdetailsofspecifiedcharcter -->
        <test-method signature="HTTPGet_fetchingdetailsofallthestarwarplanetsindetail()[pri:3, instance:APICALLS.Apitesting@67a20f67]" started-at="2021-02-10T12:25:54 MST" name="HTTPGet_fetchingdetailsofallthestarwarplanetsindetail" finished-at="2021-02-10T12:25:55 MST" duration-ms="807" status="PASS">
          <reporter-output>
          </reporter-output>
        </test-method> <!-- HTTPGet_fetchingdetailsofallthestarwarplanetsindetail -->
        <test-method signature="HTTPGet_fetchingdetailofaspecifiedplanet()[pri:4, instance:APICALLS.Apitesting@67a20f67]" started-at="2021-02-10T12:25:55 MST" name="HTTPGet_fetchingdetailofaspecifiedplanet" finished-at="2021-02-10T12:25:55 MST" duration-ms="774" status="PASS">
          <reporter-output>
          </reporter-output>
        </test-method> <!-- HTTPGet_fetchingdetailofaspecifiedplanet -->
        <test-method signature="HTTPGet_fetchingdetailofaspecifiedplanetorcharacter()[pri:5, instance:APICALLS.Apitesting@67a20f67]" started-at="2021-02-10T12:25:55 MST" name="HTTPGet_fetchingdetailofaspecifiedplanetorcharacter" finished-at="2021-02-10T12:25:56 MST" duration-ms="798" status="PASS">
          <reporter-output>
          </reporter-output>
        </test-method> <!-- HTTPGet_fetchingdetailofaspecifiedplanetorcharacter -->
        <test-method signature="HTTPGet_fetchingdetailofaspecifiedchracterusingname()[pri:6, instance:APICALLS.Apitesting@67a20f67]" started-at="2021-02-10T12:25:56 MST" name="HTTPGet_fetchingdetailofaspecifiedchracterusingname" finished-at="2021-02-10T12:25:57 MST" duration-ms="764" status="FAIL">
          <exception class="java.lang.AssertionError">
            <message>
              <![CDATA[expected [200] but found [404]]]>
            </message>
            <full-stacktrace>
              <![CDATA[java.lang.AssertionError: expected [200] but found [404]
at org.testng.Assert.fail(Assert.java:99)
at org.testng.Assert.failNotEquals(Assert.java:1037)
at org.testng.Assert.assertEqualsImpl(Assert.java:140)
at org.testng.Assert.assertEquals(Assert.java:122)
at org.testng.Assert.assertEquals(Assert.java:907)
at org.testng.Assert.assertEquals(Assert.java:917)
at APICALLS.Apitesting.HTTPGet_fetchingdetailofaspecifiedchracterusingname(Apitesting.java:172)
at java.base/jdk.internal.reflect.NativeMethodAccessorImpl.invoke0(Native Method)
at java.base/jdk.internal.reflect.NativeMethodAccessorImpl.invoke(NativeMethodAccessorImpl.java:64)
at java.base/jdk.internal.reflect.DelegatingMethodAccessorImpl.invoke(DelegatingMethodAccessorImpl.java:43)
at java.base/java.lang.reflect.Method.invoke(Method.java:564)
at org.testng.internal.MethodInvocationHelper.invokeMethod(MethodInvocationHelper.java:132)
at org.testng.internal.TestInvoker.invokeMethod(TestInvoker.java:599)
at org.testng.internal.TestInvoker.invokeTestMethod(TestInvoker.java:174)
at org.testng.internal.MethodRunner.runInSequence(MethodRunner.java:46)
at org.testng.internal.TestInvoker$MethodInvocationAgent.invoke(TestInvoker.java:822)
at org.testng.internal.TestInvoker.invokeTestMethods(TestInvoker.java:147)
at org.testng.internal.TestMethodWorker.invokeTestMethods(TestMethodWorker.java:146)
at org.testng.internal.TestMethodWorker.run(TestMethodWorker.java:128)
at java.base/java.util.ArrayList.forEach(ArrayList.java:1511)
at org.testng.TestRunner.privateRun(TestRunner.java:764)
at org.testng.TestRunner.run(TestRunner.java:585)
at org.testng.SuiteRunner.runTest(SuiteRunner.java:384)
at org.testng.SuiteRunner.runSequentially(SuiteRunner.java:378)
at org.testng.SuiteRunner.privateRun(SuiteRunner.java:337)
at org.testng.SuiteRunner.run(SuiteRunner.java:286)
at org.testng.SuiteRunnerWorker.runSuite(SuiteRunnerWorker.java:53)
at org.testng.SuiteRunnerWorker.run(SuiteRunnerWorker.java:96)
at org.testng.TestNG.runSuitesSequentially(TestNG.java:1218)
at org.testng.TestNG.runSuitesLocally(TestNG.java:1140)
at org.testng.TestNG.runSuites(TestNG.java:1069)
at org.testng.TestNG.run(TestNG.java:1037)
at org.testng.remote.AbstractRemoteTestNG.run(AbstractRemoteTestNG.java:115)
at org.testng.remote.RemoteTestNG.initAndRun(RemoteTestNG.java:251)
at org.testng.remote.RemoteTestNG.main(RemoteTestNG.java:77)
]]>
            </full-stacktrace>
          </exception> <!-- java.lang.AssertionError -->
          <reporter-output>
          </reporter-output>
        </test-method> <!-- HTTPGet_fetchingdetailofaspecifiedchracterusingname -->
        <test-method signature="HTTPGet_fetchingdetailusingkeywordfilms()[pri:7, instance:APICALLS.Apitesting@67a20f67]" started-at="2021-02-10T12:25:57 MST" name="HTTPGet_fetchingdetailusingkeywordfilms" finished-at="2021-02-10T12:25:58 MST" duration-ms="1065" status="PASS">
          <reporter-output>
          </reporter-output>
        </test-method> <!-- HTTPGet_fetchingdetailusingkeywordfilms -->
      </class> <!-- APICALLS.Apitesting -->
    </test> <!-- Default test -->
  </suite> <!-- Default suite -->
</testng-results>
